<?xml version="1.0" encoding="UTF-8"?>
<!-- Generated by org.testng.reporters.JUnitXMLReporter -->
<testsuite ignored="0" hostname="LTIN509409" failures="1" tests="1" name="Test" time="63.617" errors="0" timestamp="2024-10-27T09:27:45 IST">
  <testcase classname="testCases.TC_02_TravelInsurance" name="travelinsurance" time="49.976">
    <failure type="java.lang.AssertionError" message="An exception occurred: Expected condition failed: waiting for presence of element located by: By.xpath: //h2[normalize-space()=&amp;apos;Showing 25 plans for 2 members&amp;apos;] (tried for 40 second(s) with 500 milliseconds interval)">
      <![CDATA[java.lang.AssertionError: An exception occurred: Expected condition failed: waiting for presence of element located by: By.xpath: //h2[normalize-space()='Showing 25 plans for 2 members'] (tried for 40 second(s) with 500 milliseconds interval)
at testCases.TC_02_TravelInsurance.travelinsurance(TC_02_TravelInsurance.java:40)
at java.base/java.util.ArrayList.forEach(ArrayList.java:1511)
... Removed 28 stack frames]]>
    </failure>
  </testcase> <!-- travelinsurance -->
</testsuite> <!-- Test -->
