<?xml version="1.0" encoding="UTF-8"?>
<!-- Generated by org.testng.reporters.JUnitXMLReporter -->
<testsuite ignored="0" hostname="LTIN509409" failures="1" tests="3" name="edgeTest" time="239.895" errors="0" timestamp="2024-10-22T01:09:07 IST">
  <testcase classname="testCases.TC_01_ListOfHealthInsurances" name="HealthInsListPrint" time="1.081"/>
  <testcase classname="testCases.TC_04_TestingHomeInsurance" name="retrunHomeInsurancePolicy" time="7.886"/>
  <testcase classname="testCases.TC_03_TestingCarInsuranceErrorMsg" name="checkErrMsg" time="42.252">
    <failure type="java.lang.AssertionError" message="An exception occurred: Expected condition failed: waiting for presence of element located by: By.xpath: //span[@class=&amp;apos;CarRegDetails_blueTextButton__P1blP blueTextButton fontMedium&amp;apos;] (tried for 40 second(s) with 500 milliseconds interval)">
      <![CDATA[java.lang.AssertionError: An exception occurred: Expected condition failed: waiting for presence of element located by: By.xpath: //span[@class='CarRegDetails_blueTextButton__P1blP blueTextButton fontMedium'] (tried for 40 second(s) with 500 milliseconds interval)
at testCases.TC_03_TestingCarInsuranceErrorMsg.checkErrMsg(TC_03_TestingCarInsuranceErrorMsg.java:37)
at java.base/java.util.ArrayList.forEach(ArrayList.java:1511)
at java.base/java.util.concurrent.FutureTask.run(FutureTask.java:264)
at java.base/java.util.concurrent.ThreadPoolExecutor.runWorker(ThreadPoolExecutor.java:1136)
at java.base/java.util.concurrent.ThreadPoolExecutor$Worker.run(ThreadPoolExecutor.java:635)
at java.base/java.lang.Thread.run(Thread.java:833)
... Removed 18 stack frames]]>
    </failure>
  </testcase> <!-- checkErrMsg -->
</testsuite> <!-- edgeTest -->
